************************************************************************
Not in type system
 - Phonon::AudioDataOutput
 - Phonon::AudioDataOutputInterface
 - Phonon::BackendCapabilities::Notifier
 - Phonon::PulseSupport
 - Phonon::VideoWidgetInterface44
 - QAbstractConcatenable
 - QAccessibleActionInterface
 - QAccessibleImageInterface
 - QIntegerForSize>
 - QNetworkConfiguration
 - QNetworkConfigurationManager
 - QNetworkSession
 - QPainter::PixmapFragment
 - QS60Style
 - QScriptContext
 - QScriptEngine
 - QScriptProgram
 - QScriptString
 - QScriptSyntaxCheckResult
 - QScriptValue
 - QWebElementCollection::const_iterator
 - QWebElementCollection::iterator
************************************************************************

************************************************************************
Generation disabled by type system
 - Phonon::AudioOutputInterface40
 - Phonon::AudioOutputInterface42
 - Phonon::Experimental
 - Phonon::GlobalConfig
 - Phonon::ObjectDescriptionData
 - Phonon::ObjectDescriptionModel
 - Phonon::ObjectDescriptionModelData
 - QAbstractEventDispatcher
 - QAbstractFileEngine
 - QAbstractFileEngineHandler
 - QAbstractFileEngineIterator
 - QAbstractTextDocumentLayout
 - QAbstractUndoItem
 - QAccessible2
 - QAccessibleApplication
 - QAccessibleBridgeFactoryInterface
 - QAccessibleBridgePlugin
 - QAccessibleEditableTextInterface
 - QAccessibleFactoryInterface
 - QAccessibleSimpleEditableTextInterface
 - QAccessibleTextInterface
 - QAccessibleValueInterface
 - QAlgorithmsPrivate
 - QAtomicInt
 - QAtomicPointer
 - QBasicAtomicInt
 - QBasicAtomicPointer
 - QBitRef
 - QBrushData
 - QByteArray::Data
 - QByteArrayMatcher::Data
 - QCache
 - QChar
 - QCharRef
 - QColormap
 - QConcatenable
 - QContiguousCache
 - QContiguousCacheData
 - QContiguousCacheTypedData
 - QDebug
 - QExplicitlySharedDataPointer
 - QFSFileEngine
 - QFlag
 - QFlags
 - QForeachContainer
 - QForeachContainerBase
 - QFuture::const_iterator
 - QFutureInterface
 - QFutureInterfaceBase
 - QFutureSynchronizer
 - QFutureWatcherBase
 - QGL
 - QGLColormap::QGLColormapData
 - QGenericMatrix
 - QGlobalStatic
 - QGlobalStaticDeleter
 - QGraphicsSvgItem
 - QHash
 - QHashData
 - QHashDummyNode
 - QHashDummyValue
 - QHashIterator
 - QHashNode
 - QIconEngineFactoryInterface
 - QIconEngineFactoryInterfaceV2
 - QIconEnginePlugin
 - QIconEngineV2
 - QImageIOHandlerFactoryInterface
 - QImageTextKeyLang
 - QIncompatibleFlag
 - QInputContextFactoryInterface
 - QInputMethodEvent
 - QIntegerForSizeof
 - QInternal
 - QItemEditorCreator
 - QLatin1Char
 - QLatin1Literal
 - QLatin1String
 - QLinkedList
 - QLinkedListData
 - QLinkedListIterator
 - QLinkedListNode
 - QList::Node
 - QList::const_iterator
 - QList::iterator
 - QListData
 - QListIterator
 - QLocale::Data
 - QMap
 - QMapData
 - QMapIterator
 - QMapNode
 - QMapPayloadNode
 - QMdi
 - QMetaTypeId
 - QMetaTypeId2
 - QMimeSource
 - QMultiHash
 - QMultiMap
 - QMutableHashIterator
 - QMutableLinkedListIterator
 - QMutableListIterator
 - QMutableMapIterator
 - QMutableSetIterator
 - QMutableVectorIterator
 - QMutexLocker
 - QNoDebug
 - QObjectCleanupHandler
 - QObjectData
 - QObjectUserData
 - QPainterPath::Element
 - QPainterPathPrivate
 - QPatternist::NodeIndexStorage
 - QPictureFormatInterface
 - QPluginLoader
 - QPointer
 - QReadLocker
 - QRegion::QRegionData
 - QScopedArrayPointer
 - QScopedPointer
 - QScopedPointerArrayDeleter
 - QScopedPointerDeleter
 - QScopedPointerPodDeleter
 - QSet
 - QSetIterator
 - QSharedData
 - QSharedDataPointer
 - QSharedPointer
 - QSqlDriverCreator
 - QSqlDriverFactoryInterface
 - QSqlDriverPlugin
 - QStack
 - QStandardItemEditorCreator
 - QString
 - QStringBuilder
 - QStringMatcher::Data
 - QStringRef
 - QStyleFactoryInterface
 - QStyleOptionQ3DockWindow
 - QStyleOptionQ3ListView
 - QStyleOptionQ3ListViewItem
 - QSystemLocale
 - QTextBlock::iterator
 - QTextCodec::ConverterState
 - QTextCodecFactoryInterface
 - QTextEdit::ExtraSelection
 - QTextFrame::iterator
 - QTextFrameLayoutData
 - QTextLayout::FormatRange
 - QTextObjectInterface
 - QTextStreamManipulator
 - QThreadStorage
 - QThreadStorageData
 - QTreeWidgetItemIterator
 - QTypeInfo
 - QUpdateLaterEvent
 - QVFbHeader
 - QVFbKeyData
 - QVarLengthArray
 - QVariant
 - QVariantComparisonHelper
 - QVectorData
 - QVectorIterator
 - QVectorTypedData
 - QWSEmbedWidget
 - QWeakPointer
 - QWidgetData
 - QWidgetItemV2
 - QWindowsVistaStyle
 - QWindowsXPStyle
 - QWriteLocker
 - QXmlAttributes::Attribute
 - QXmlNamespaceSupport
 - QXmlStreamStringRef
 - QtConcurrent::BlockSizeManager
 - QtConcurrent::ConstMemberFunctionWrapper
 - QtConcurrent::Exception
 - QtConcurrent::FilterKernel
 - QtConcurrent::FilteredEachKernel
 - QtConcurrent::FilteredReducedKernel
 - QtConcurrent::FunctionWrapper0
 - QtConcurrent::FunctionWrapper1
 - QtConcurrent::FunctionWrapper2
 - QtConcurrent::IntermediateResults
 - QtConcurrent::IterateKernel
 - QtConcurrent::MapKernel
 - QtConcurrent::MappedEachKernel
 - QtConcurrent::MappedReducedKernel
 - QtConcurrent::Median
 - QtConcurrent::MemberFunctionWrapper
 - QtConcurrent::MemberFunctionWrapper1
 - QtConcurrent::ReduceKernel
 - QtConcurrent::ResultItem
 - QtConcurrent::ResultIterator
 - QtConcurrent::ResultIteratorBase
 - QtConcurrent::ResultReporter
 - QtConcurrent::ResultStore
 - QtConcurrent::ResultStoreBase
 - QtConcurrent::RunFunctionTask
 - QtConcurrent::RunFunctionTaskBase
 - QtConcurrent::SelectSpecialization
 - QtConcurrent::SelectStoredConstMemberFunctionCall0
 - QtConcurrent::SelectStoredConstMemberFunctionCall1
 - QtConcurrent::SelectStoredConstMemberFunctionCall2
 - QtConcurrent::SelectStoredConstMemberFunctionCall3
 - QtConcurrent::SelectStoredConstMemberFunctionCall4
 - QtConcurrent::SelectStoredConstMemberFunctionCall5
 - QtConcurrent::SelectStoredConstMemberFunctionPointerCall0
 - QtConcurrent::SelectStoredConstMemberFunctionPointerCall1
 - QtConcurrent::SelectStoredConstMemberFunctionPointerCall2
 - QtConcurrent::SelectStoredConstMemberFunctionPointerCall3
 - QtConcurrent::SelectStoredConstMemberFunctionPointerCall4
 - QtConcurrent::SelectStoredConstMemberFunctionPointerCall5
 - QtConcurrent::SelectStoredFunctorCall0
 - QtConcurrent::SelectStoredFunctorCall1
 - QtConcurrent::SelectStoredFunctorCall2
 - QtConcurrent::SelectStoredFunctorCall3
 - QtConcurrent::SelectStoredFunctorCall4
 - QtConcurrent::SelectStoredFunctorCall5
 - QtConcurrent::SelectStoredFunctorPointerCall0
 - QtConcurrent::SelectStoredFunctorPointerCall1
 - QtConcurrent::SelectStoredFunctorPointerCall2
 - QtConcurrent::SelectStoredFunctorPointerCall3
 - QtConcurrent::SelectStoredFunctorPointerCall4
 - QtConcurrent::SelectStoredFunctorPointerCall5
 - QtConcurrent::SelectStoredMemberFunctionCall0
 - QtConcurrent::SelectStoredMemberFunctionCall1
 - QtConcurrent::SelectStoredMemberFunctionCall2
 - QtConcurrent::SelectStoredMemberFunctionCall3
 - QtConcurrent::SelectStoredMemberFunctionCall4
 - QtConcurrent::SelectStoredMemberFunctionCall5
 - QtConcurrent::SelectStoredMemberFunctionPointerCall0
 - QtConcurrent::SelectStoredMemberFunctionPointerCall1
 - QtConcurrent::SelectStoredMemberFunctionPointerCall2
 - QtConcurrent::SelectStoredMemberFunctionPointerCall3
 - QtConcurrent::SelectStoredMemberFunctionPointerCall4
 - QtConcurrent::SelectStoredMemberFunctionPointerCall5
 - QtConcurrent::SequenceHolder1
 - QtConcurrent::SequenceHolder2
 - QtConcurrent::StoredConstMemberFunctionCall0
 - QtConcurrent::StoredConstMemberFunctionCall1
 - QtConcurrent::StoredConstMemberFunctionCall2
 - QtConcurrent::StoredConstMemberFunctionCall3
 - QtConcurrent::StoredConstMemberFunctionCall4
 - QtConcurrent::StoredConstMemberFunctionCall5
 - QtConcurrent::StoredConstMemberFunctionPointerCall0
 - QtConcurrent::StoredConstMemberFunctionPointerCall1
 - QtConcurrent::StoredConstMemberFunctionPointerCall2
 - QtConcurrent::StoredConstMemberFunctionPointerCall3
 - QtConcurrent::StoredConstMemberFunctionPointerCall4
 - QtConcurrent::StoredConstMemberFunctionPointerCall5
 - QtConcurrent::StoredFunctorCall0
 - QtConcurrent::StoredFunctorCall1
 - QtConcurrent::StoredFunctorCall2
 - QtConcurrent::StoredFunctorCall3
 - QtConcurrent::StoredFunctorCall4
 - QtConcurrent::StoredFunctorCall5
 - QtConcurrent::StoredFunctorPointerCall0
 - QtConcurrent::StoredFunctorPointerCall1
 - QtConcurrent::StoredFunctorPointerCall2
 - QtConcurrent::StoredFunctorPointerCall3
 - QtConcurrent::StoredFunctorPointerCall4
 - QtConcurrent::StoredFunctorPointerCall5
 - QtConcurrent::StoredMemberFunctionCall0
 - QtConcurrent::StoredMemberFunctionCall1
 - QtConcurrent::StoredMemberFunctionCall2
 - QtConcurrent::StoredMemberFunctionCall3
 - QtConcurrent::StoredMemberFunctionCall4
 - QtConcurrent::StoredMemberFunctionCall5
 - QtConcurrent::StoredMemberFunctionPointerCall0
 - QtConcurrent::StoredMemberFunctionPointerCall1
 - QtConcurrent::StoredMemberFunctionPointerCall2
 - QtConcurrent::StoredMemberFunctionPointerCall3
 - QtConcurrent::StoredMemberFunctionPointerCall4
 - QtConcurrent::StoredMemberFunctionPointerCall5
 - QtConcurrent::ThreadEngine
 - QtConcurrent::ThreadEngineBarrier
 - QtConcurrent::ThreadEngineBase
 - QtConcurrent::ThreadEngineStarter
 - QtConcurrent::ThreadEngineStarterBase
 - QtConcurrent::UnhandledException
 - QtConcurrent::VoidStoredConstMemberFunctionCall0
 - QtConcurrent::VoidStoredConstMemberFunctionCall1
 - QtConcurrent::VoidStoredConstMemberFunctionCall2
 - QtConcurrent::VoidStoredConstMemberFunctionCall3
 - QtConcurrent::VoidStoredConstMemberFunctionCall4
 - QtConcurrent::VoidStoredConstMemberFunctionCall5
 - QtConcurrent::VoidStoredConstMemberFunctionPointerCall0
 - QtConcurrent::VoidStoredConstMemberFunctionPointerCall1
 - QtConcurrent::VoidStoredConstMemberFunctionPointerCall2
 - QtConcurrent::VoidStoredConstMemberFunctionPointerCall3
 - QtConcurrent::VoidStoredConstMemberFunctionPointerCall4
 - QtConcurrent::VoidStoredConstMemberFunctionPointerCall5
 - QtConcurrent::VoidStoredFunctorCall0
 - QtConcurrent::VoidStoredFunctorCall1
 - QtConcurrent::VoidStoredFunctorCall2
 - QtConcurrent::VoidStoredFunctorCall3
 - QtConcurrent::VoidStoredFunctorCall4
 - QtConcurrent::VoidStoredFunctorCall5
 - QtConcurrent::VoidStoredFunctorPointerCall0
 - QtConcurrent::VoidStoredFunctorPointerCall1
 - QtConcurrent::VoidStoredFunctorPointerCall2
 - QtConcurrent::VoidStoredFunctorPointerCall3
 - QtConcurrent::VoidStoredFunctorPointerCall4
 - QtConcurrent::VoidStoredFunctorPointerCall5
 - QtConcurrent::VoidStoredMemberFunctionCall0
 - QtConcurrent::VoidStoredMemberFunctionCall1
 - QtConcurrent::VoidStoredMemberFunctionCall2
 - QtConcurrent::VoidStoredMemberFunctionCall3
 - QtConcurrent::VoidStoredMemberFunctionCall4
 - QtConcurrent::VoidStoredMemberFunctionCall5
 - QtConcurrent::VoidStoredMemberFunctionPointerCall0
 - QtConcurrent::VoidStoredMemberFunctionPointerCall1
 - QtConcurrent::VoidStoredMemberFunctionPointerCall2
 - QtConcurrent::VoidStoredMemberFunctionPointerCall3
 - QtConcurrent::VoidStoredMemberFunctionPointerCall4
 - QtConcurrent::VoidStoredMemberFunctionPointerCall5
 - QtConcurrent::internal
 - QtConcurrent::qValueType
 - QtPrivate
 - WebCore
 - qGreater
 - qLess
 - std
************************************************************************

************************************************************************
Type redefined to not be a class
 - QBool
 - QByteRef
 - QThread
************************************************************************

************************************************************************
Unmatched argument type
************************************************************************

************************************************************************
Unmatched return type
************************************************************************

