************************************************************************
Not in type system
************************************************************************

************************************************************************
Generation disabled by type system
 - Phonon::AbstractMediaStream::d_func
 - QAbstractAnimation::d_func
 - QAbstractButton::d_func
 - QAbstractGraphicsShapeItem::d_func
 - QAbstractItemDelegate::operator=
 - QAbstractItemModel::d_func
 - QAbstractItemView::d_func
 - QAbstractMessageHandler::d_func
 - QAbstractNetworkCache::d_func
 - QAbstractPageSetupDialog::d_func
 - QAbstractPrintDialog::d_func
 - QAbstractProxyModel::d_func
 - QAbstractScrollArea::d_func
 - QAbstractSlider::d_func
 - QAbstractSocket::d_func
 - QAbstractSpinBox::d_func
 - QAbstractState::d_func
 - QAbstractTransition::d_func
 - QAbstractUriResolver::d_func
 - QAbstractXmlNodeModel::copyNodeTo
 - QAbstractXmlNodeModel::iterate
 - QAbstractXmlNodeModel::mapToSequence
 - QAbstractXmlNodeModel::sendNamespaces
 - QAbstractXmlNodeModel::sequencedTypedValue
 - QAbstractXmlNodeModel::type
 - QAbstractXmlReceiver::item
 - QAbstractXmlReceiver::sendAsNode
 - QAccessible::installFactory
 - QAccessible::installRootObjectHandler
 - QAccessible::installUpdateHandler
 - QAccessible::removeFactory
 - QAccessibleInterface::backgroundColor
 - QAccessibleInterface::cast_helper
 - QAccessibleInterface::editableTextInterface
 - QAccessibleInterface::foregroundColor
 - QAccessibleInterface::tableInterface
 - QAccessibleInterface::textInterface
 - QAccessibleInterface::valueInterface
 - QAccessibleInterfaceEx::interface_cast
 - QAction::d_func
 - QActionGroup::d_func
 - QActionGroup::selected
 - QAnimationGroup::d_func
 - QApplication::compressEvent
 - QApplication::d_func
 - QAuthenticator::detach
 - QBitArray::data_ptr
 - QBitArray::detach
 - QBitArray::isDetached
 - QBitmap::
 - QBoxLayout::d_func
 - QBrush::
 - QBrush::cleanUp
 - QBrush::data_ptr
 - QBrush::detach
 - QBrush::isDetached
 - QBuffer::d_func
 - QButtonGroup::d_func
 - QByteArray::
 - QByteArray::data_ptr
 - QByteArray::detach
 - QByteArray::isDetached
 - QCalendarWidget::d_func
 - QCheckBox::d_func
 - QCleanlooksStyle::d_func
 - QClipboard::d_func
 - QColor::
 - QColorDialog::d_func
 - QColumnView::d_func
 - QComboBox::d_func
 - QCommandLinkButton::d_func
 - QCommonStyle::d_func
 - QCompleter::d_func
 - QCoreApplication::compressEvent
 - QCoreApplication::d_func
 - QCoreApplication::filterEvent
 - QCoreApplication::setEventFilter
 - QCursor::
 - QDataWidgetMapper::d_func
 - QDateTime::detach
 - QDateTimeEdit::d_func
 - QDesktopWidget::d_func
 - QDial::d_func
 - QDialog::d_func
 - QDialogButtonBox::d_func
 - QDir::d_func
 - QDirModel::d_func
 - QDockWidget::d_func
 - QDoubleSpinBox::d_func
 - QDoubleValidator::d_func
 - QDrag::d_func
 - QErrorMessage::d_func
 - QEventLoop::d_func
 - QEventTransition::d_func
 - QFile::d_func
 - QFile::setDecodingFunction
 - QFile::setEncodingFunction
 - QFileDialog::d_func
 - QFileIconProvider::d_func
 - QFileInfo::d_func
 - QFileInfo::detach
 - QFileSystemModel::d_func
 - QFileSystemWatcher::d_func
 - QFinalState::d_func
 - QFocusFrame::d_func
 - QFont::
 - QFont::detach
 - QFontComboBox::d_func
 - QFontDialog::d_func
 - QFormLayout::d_func
 - QFrame::d_func
 - QFtp::d_func
 - QGLBuffer::d_func
 - QGLColormap::detach
 - QGLContext::d_func
 - QGLFormat::detach
 - QGLFramebufferObject::d_func
 - QGLFramebufferObjectFormat::detach
 - QGLPixelBuffer::d_func
 - QGLShader::d_func
 - QGLShaderProgram::d_func
 - QGLWidget::d_func
 - QGLWidget::setMouseTracking
 - QGesture::d_func
 - QGestureEvent::d_func
 - QGradient::interpolationMode
 - QGradient::setInterpolationMode
 - QGraphicsAnchor::d_func
 - QGraphicsAnchorLayout::d_func
 - QGraphicsBlurEffect::d_func
 - QGraphicsColorizeEffect::d_func
 - QGraphicsDropShadowEffect::d_func
 - QGraphicsEffect::d_func
 - QGraphicsEllipseItem::d_func
 - QGraphicsGridLayout::d_func
 - QGraphicsItem::d_func
 - QGraphicsItemGroup::d_func
 - QGraphicsLayout::d_func
 - QGraphicsLayoutItem::d_func
 - QGraphicsLineItem::d_func
 - QGraphicsLinearLayout::d_func
 - QGraphicsOpacityEffect::d_func
 - QGraphicsPathItem::d_func
 - QGraphicsPixmapItem::d_func
 - QGraphicsPolygonItem::d_func
 - QGraphicsProxyWidget::d_func
 - QGraphicsRectItem::d_func
 - QGraphicsRotation::d_func
 - QGraphicsScale::d_func
 - QGraphicsScene::d_func
 - QGraphicsSceneContextMenuEvent::d_func
 - QGraphicsSceneDragDropEvent::d_func
 - QGraphicsSceneEvent::d_func
 - QGraphicsSceneHelpEvent::d_func
 - QGraphicsSceneHoverEvent::d_func
 - QGraphicsSceneMouseEvent::d_func
 - QGraphicsSceneMoveEvent::d_func
 - QGraphicsSceneResizeEvent::d_func
 - QGraphicsSceneWheelEvent::d_func
 - QGraphicsSimpleTextItem::d_func
 - QGraphicsTransform::d_func
 - QGraphicsView::d_func
 - QGraphicsWidget::d_func
 - QGridLayout::d_func
 - QGroupBox::d_func
 - QHeaderView::d_func
 - QHistoryState::d_func
 - QHttp::d_func
 - QHttpHeader::d_func
 - QHttpRequestHeader::d_func
 - QHttpResponseHeader::d_func
 - QIODevice::d_func
 - QIcon::
 - QIcon::data_ptr
 - QIcon::detach
 - QIcon::isDetached
 - QImage::
 - QImage::data_ptr
 - QImage::detach
 - QImage::isDetached
 - QImageIOHandler::d_func
 - QInputContext::d_func
 - QInputDialog::d_func
 - QItemDelegate::d_func
 - QItemSelectionModel::d_func
 - QKeyEventTransition::d_func
 - QKeySequence::
 - QKeySequence::data_ptr
 - QKeySequence::isDetached
 - QLCDNumber::d_func
 - QLabel::d_func
 - QLayout::d_func
 - QLineEdit::d_func
 - QList::begin
 - QList::constBegin
 - QList::constEnd
 - QList::detach
 - QList::end
 - QList::erase
 - QList::free
 - QList::fromSet
 - QList::insert
 - QList::isDetached
 - QList::node_construct
 - QList::node_copy
 - QList::node_destruct
 - QList::toSet
 - QListView::d_func
 - QListWidget::d_func
 - QLocalServer::d_func
 - QLocalSocket::d_func
 - QMainWindow::d_func
 - QMatrix4x4::
 - QMatrix::
 - QMdiArea::d_func
 - QMdiSubWindow::d_func
 - QMenu::d_func
 - QMenuBar::d_func
 - QMessageBox::d_func
 - QMimeData::d_func
 - QMotifStyle::d_func
 - QMouseEventTransition::d_func
 - QMovie::d_func
 - QNetworkAccessManager::d_func
 - QNetworkCookieJar::d_func
 - QNetworkDiskCache::d_func
 - QNetworkReply::d_func
 - QObject::connect
 - QObject::connectNotify
 - QObject::d_func
 - QObject::destroyed
 - QObject::disconnect
 - QObject::disconnectNotify
 - QObject::findChild
 - QObject::findChildren
 - QObject::receivers
 - QObject::registerUserData
 - QObject::setUserData
 - QObject::userData
 - QPageSetupDialog::d_func
 - QPaintEngine::d_func
 - QPaintEngine::fix_neg_rect
 - QPainter::d_func
 - QPainterPath::d_func
 - QPainterPath::detach
 - QPainterPathStroker::d_func
 - QPalette::
 - QPalette::detach
 - QPanGesture::d_func
 - QParallelAnimationGroup::d_func
 - QPauseAnimation::d_func
 - QPen::
 - QPen::data_ptr
 - QPen::detach
 - QPen::isDetached
 - QPicture::d_func
 - QPicture::data_ptr
 - QPicture::detach
 - QPicture::isDetached
 - QPictureIO::defineIOHandler
 - QPinchGesture::d_func
 - QPixmap::
 - QPixmap::data_ptr
 - QPixmap::detach
 - QPixmap::isDetached
 - QPlainTextDocumentLayout::d_func
 - QPlainTextEdit::d_func
 - QPlastiqueStyle::d_func
 - QPolygon::
 - QPolygon::point
 - QPolygon::putPoints
 - QPolygon::setPoint
 - QPolygon::setPoints
 - QPrintDialog::d_func
 - QPrintPreviewDialog::d_func
 - QPrintPreviewWidget::d_func
 - QPrinter::d_func
 - QPrinter::printerSelectionOption
 - QPrinter::setPrinterSelectionOption
 - QPrinterInfo::d_func
 - QProcess::d_func
 - QProcess::pid
 - QProgressBar::d_func
 - QProgressDialog::d_func
 - QPropertyAnimation::d_func
 - QProxyModel::d_func
 - QProxyStyle::d_func
 - QPushButton::d_func
 - QQuaternion::
 - QRadioButton::d_func
 - QRegion::
 - QRegion::cleanUp
 - QRegion::detach
 - QResource::d_func
 - QRubberBand::d_func
 - QScrollArea::d_func
 - QScrollBar::d_func
 - QSequentialAnimationGroup::d_func
 - QSessionManager::d_func
 - QSettings::d_func
 - QSettings::registerFormat
 - QSharedMemory::d_func
 - QSharedMemory::detach
 - QShortcut::d_func
 - QSignalMapper::d_func
 - QSignalTransition::d_func
 - QSimpleXmlNodeModel::d_func
 - QSizeGrip::d_func
 - QSizePolicy::
 - QSlider::d_func
 - QSocketNotifier::d_func
 - QSortFilterProxyModel::d_func
 - QSound::d_func
 - QSpinBox::d_func
 - QSplashScreen::d_func
 - QSplitter::d_func
 - QSplitterHandle::d_func
 - QSqlDriver::d_func
 - QSqlField::detach
 - QSqlQueryModel::d_func
 - QSqlRecord::detach
 - QSqlRelationalTableModel::d_func
 - QSqlTableModel::d_func
 - QSslSocket::d_func
 - QStackedLayout::d_func
 - QStackedWidget::d_func
 - QStandardItem::d_func
 - QStandardItemModel::d_func
 - QState::d_func
 - QStateMachine::d_func
 - QStaticText::detach
 - QStatusBar::d_func
 - QStyle::d_func
 - QStyledItemDelegate::d_func
 - QSvgGenerator::d_func
 - QSvgRenderer::d_func
 - QSvgWidget::d_func
 - QSwipeGesture::d_func
 - QSyntaxHighlighter::d_func
 - QSystemTrayIcon::d_func
 - QTabBar::d_func
 - QTabWidget::d_func
 - QTableView::d_func
 - QTableWidget::d_func
 - QTapAndHoldGesture::d_func
 - QTapGesture::d_func
 - QTcpServer::d_func
 - QTcpSocket::d_func
 - QTemporaryFile::d_func
 - QTextBlockGroup::d_func
 - QTextBrowser::d_func
 - QTextDocument::d_func
 - QTextEdit::d_func
 - QTextFormat::
 - QTextFrame::d_func
 - QTextLength::
 - QTextList::d_func
 - QTextObject::d_func
 - QTextStream::d_func
 - QTextTable::d_func
 - QThreadPool::d_func
 - QTimeLine::d_func
 - QToolBar::d_func
 - QToolBox::d_func
 - QToolButton::d_func
 - QTransform::
 - QTranslator::d_func
 - QTreeView::d_func
 - QTreeWidget::d_func
 - QUdpSocket::d_func
 - QUiLoader::d_func
 - QUndoGroup::d_func
 - QUndoStack::d_func
 - QUndoView::d_func
 - QUrl::data_ptr
 - QUrl::detach
 - QUrl::isDetached
 - QUuid::
 - QValidator::d_func
 - QVariantAnimation::d_func
 - QVector2D::
 - QVector3D::
 - QVector4D::
 - QVector::back
 - QVector::begin
 - QVector::constBegin
 - QVector::constEnd
 - QVector::detach
 - QVector::end
 - QVector::erase
 - QVector::free
 - QVector::front
 - QVector::insert
 - QVector::isDetached
 - QVector::malloc
 - QVector::operator+=
 - QWidget::create
 - QWidget::d_func
 - QWidget::find
 - QWidget::handle
 - QWidget::internalWinId
 - QWidget::styleChange
 - QWidgetAction::d_func
 - QWindowsStyle::d_func
 - QWizard::d_func
 - QWizardPage::d_func
 - QWorkspace::d_func
 - QXmlFormatter::d_func
 - QXmlFormatter::item
 - QXmlNodeModelIndex::iterate
 - QXmlNodeModelIndex::sendNamespaces
 - QXmlNodeModelIndex::sequencedTypedValue
 - QXmlNodeModelIndex::type
 - QXmlResultItems::d_func
 - QXmlSerializer::d_func
 - QXmlSerializer::item
 - QXmlSimpleReader::d_func
 - QXmlStreamReader::d_func
 - QXmlStreamWriter::d_func
 - QtConcurrent::operator|
************************************************************************

************************************************************************
Type redefined to not be a class
************************************************************************

************************************************************************
Unmatched argument type
 - Phonon::AbstractAudioOutput::AbstractAudioOutput
 - Phonon::AbstractMediaStream::AbstractMediaStream
 - Phonon::AbstractVideoOutput::AbstractVideoOutput
 - Phonon::Effect::Effect
 - Phonon::MediaNode::MediaNode
 - Phonon::MediaSource::MediaSource
 - Phonon::ObjectDescription::ObjectDescription
 - Phonon::VideoWidget::VideoWidget
 - QAbstractAnimation::QAbstractAnimation
 - QAbstractButton::QAbstractButton
 - QAbstractGraphicsShapeItem::QAbstractGraphicsShapeItem
 - QAbstractItemDelegate::QAbstractItemDelegate
 - QAbstractItemModel::QAbstractItemModel
 - QAbstractItemView::QAbstractItemView
 - QAbstractListModel::QAbstractListModel
 - QAbstractNetworkCache::QAbstractNetworkCache
 - QAbstractPageSetupDialog::QAbstractPageSetupDialog
 - QAbstractPrintDialog::QAbstractPrintDialog
 - QAbstractProxyModel::QAbstractProxyModel
 - QAbstractScrollArea::QAbstractScrollArea
 - QAbstractSlider::QAbstractSlider
 - QAbstractSocket::QAbstractSocket
 - QAbstractSpinBox::QAbstractSpinBox
 - QAbstractState::QAbstractState
 - QAbstractTableModel::QAbstractTableModel
 - QAbstractTransition::QAbstractTransition
 - QAbstractXmlNodeModel::QAbstractXmlNodeModel
 - QAbstractXmlReceiver::QAbstractXmlReceiver
 - QAction::QAction
 - QAnimationGroup::QAnimationGroup
 - QByteArray::QByteArray
 - QCleanlooksStyle::QCleanlooksStyle
 - QClipboardEvent::QClipboardEvent
 - QColumnView::QColumnView
 - QComboBox::QComboBox
 - QCommonStyle::QCommonStyle
 - QCoreApplication::QCoreApplication
 - QDataStream::setByteOrder
 - QDialog::QDialog
 - QDirModel::QDirModel
 - QDomAttr::QDomAttr
 - QDomCDATASection::QDomCDATASection
 - QDomCharacterData::QDomCharacterData
 - QDomComment::QDomComment
 - QDomDocument::QDomDocument
 - QDomDocumentFragment::QDomDocumentFragment
 - QDomDocumentType::QDomDocumentType
 - QDomElement::QDomElement
 - QDomEntity::QDomEntity
 - QDomEntityReference::QDomEntityReference
 - QDomImplementation::QDomImplementation
 - QDomNamedNodeMap::QDomNamedNodeMap
 - QDomNode::QDomNode
 - QDomNodeList::QDomNodeList
 - QDomNotation::QDomNotation
 - QDomProcessingInstruction::QDomProcessingInstruction
 - QDomText::QDomText
 - QEventTransition::QEventTransition
 - QFile::QFile
 - QFile::open
 - QFileDialog::QFileDialog
 - QFileSystemModel::QFileSystemModel
 - QFont::QFont
 - QFontDatabase::load
 - QFrame::QFrame
 - QFuture::QFuture
 - QGLColormap::cleanup
 - QGLShaderProgram::setUniformValue
 - QGLShaderProgram::setUniformValueArray
 - QGesture::QGesture
 - QGraphicsEffect::QGraphicsEffect
 - QGraphicsItem::QGraphicsItem
 - QGraphicsLayout::QGraphicsLayout
 - QGraphicsLayoutItem::QGraphicsLayoutItem
 - QGraphicsObject::QGraphicsObject
 - QGraphicsSceneEvent::QGraphicsSceneEvent
 - QGraphicsTransform::QGraphicsTransform
 - QGraphicsView::QGraphicsView
 - QGraphicsWidget::QGraphicsWidget
 - QHeaderView::QHeaderView
 - QHostAddress::QHostAddress
 - QHostAddress::setAddress
 - QHttpHeader::QHttpHeader
 - QIODevice::QIODevice
 - QImage::text
 - QImageIOHandler::QImageIOHandler
 - QItemSelectionModel::QItemSelectionModel
 - QLayout::QLayout
 - QListView::QListView
 - QMatrix4x4::QMatrix4x4
 - QMatrix::QMatrix
 - QMenu::QMenu
 - QMetaMethod::invoke
 - QMetaType::registerStreamOperators
 - QMetaType::registerType
 - QMotifStyle::QMotifStyle
 - QNetworkAccessManager::setConfiguration
 - QNetworkReply::QNetworkReply
 - QObject::QObject
 - QPaintEngine::QPaintEngine
 - QPainter::drawPixmapFragments
 - QParallelAnimationGroup::QParallelAnimationGroup
 - QPicture::QPicture
 - QPixmap::QPixmap
 - QPixmap::init
 - QPlainTextEdit::QPlainTextEdit
 - QProxyModel::QProxyModel
 - QPushButton::QPushButton
 - QRegion::exec
 - QScrollArea::QScrollArea
 - QSequentialAnimationGroup::QSequentialAnimationGroup
 - QSqlQueryModel::QSqlQueryModel
 - QSqlTableModel::QSqlTableModel
 - QSslConfiguration::QSslConfiguration
 - QStandardItem::QStandardItem
 - QStandardItemModel::QStandardItemModel
 - QState::QState
 - QStateMachine::QStateMachine
 - QStyle::QStyle
 - QTableView::QTableView
 - QTcpSocket::QTcpSocket
 - QTextBlock::QTextBlock
 - QTextBlockGroup::QTextBlockGroup
 - QTextCursor::QTextCursor
 - QTextDocument::QTextDocument
 - QTextDocument::appendUndoItem
 - QTextEdit::QTextEdit
 - QTextFragment::QTextFragment
 - QTextFrame::QTextFrame
 - QTextFrame::setLayoutData
 - QTextInlineObject::QTextInlineObject
 - QTextLayout::QTextLayout
 - QTextLine::QTextLine
 - QTextObject::QTextObject
 - QTextStream::QTextStream
 - QToolButton::QToolButton
 - QTransform::QTransform
 - QTreeView::QTreeView
 - QValidator::QValidator
 - QVariantAnimation::QVariantAnimation
 - QVariantAnimation::registerInterpolator
 - QWebDatabase::QWebDatabase
 - QWebElement::QWebElement
 - QWebElement::enclosingElement
 - QWebFrame::QWebFrame
 - QWebFrame::addToJavaScriptWindowObject
 - QWebHistoryItem::QWebHistoryItem
 - QWebHitTestResult::QWebHitTestResult
 - QWebSecurityOrigin::QWebSecurityOrigin
 - QWebSettings::QWebSettings
 - QWidget::QWidget
 - QWidget::setWindowSurface
 - QWindowsStyle::QWindowsStyle
 - QXmlItem::QXmlItem
 - QXmlNamePool::QXmlNamePool
 - QXmlNodeModelIndex::QXmlNodeModelIndex
 - QXmlSerializer::QXmlSerializer
 - QtConcurrent::advance
 - QtConcurrent::blockingFilter
 - QtConcurrent::blockingMap
 - QtConcurrent::filter
 - QtConcurrent::filtered
 - QtConcurrent::filteredReduced
 - QtConcurrent::map
 - QtConcurrent::mapped
 - QtConcurrent::mappedReduced
 - QtConcurrent::run
 - QtConcurrent::selectIteration
************************************************************************

************************************************************************
Unmatched return type
 - Phonon::AbstractAudioOutput::k_func
 - Phonon::AbstractVideoOutput::k_func
 - Phonon::AudioOutput::k_func
 - Phonon::BackendCapabilities::notifier
 - Phonon::Effect::k_func
 - Phonon::EffectWidget::k_func
 - Phonon::MediaNode::k_func
 - Phonon::MediaObject::k_func
 - Phonon::SeekSlider::k_func
 - Phonon::VideoWidget::k_func
 - Phonon::VolumeFaderEffect::k_func
 - Phonon::VolumeSlider::k_func
 - Phonon::__lshift__
 - QAccessibleInterface::actionInterface
 - QAccessibleInterface::imageInterface
 - QClipboardEvent::data
 - QDataStream::byteOrder
 - QFuture::begin
 - QFuture::constBegin
 - QFuture::constEnd
 - QFuture::end
 - QFutureWatcher::futureInterface
 - QGraphicsEffect::source
 - QImage::textList
 - QList::detach_helper_grow
 - QLocale::d
 - QMatrix4x4::normalMatrix
 - QMatrix4x4::toGenericMatrix
 - QNetworkAccessManager::activeConfiguration
 - QNetworkAccessManager::configuration
 - QPixmap::pixmapData
 - QPlainTextDocumentLayout::priv
 - QTextBlock::docHandle
 - QTextDocument::docHandle
 - QTextFrame::layoutData
 - QTextLayout::engine
 - QTextObject::docHandle
 - QWebElementCollection::begin
 - QWebElementCollection::constBegin
 - QWebElementCollection::constEnd
 - QWebElementCollection::end
 - QWebPage::handle
 - QWebSettings::handle
 - QWidget::windowSurface
 - QtConcurrent::blockingFiltered
 - QtConcurrent::blockingFilteredReduced
 - QtConcurrent::blockingMapped
 - QtConcurrent::blockingMappedReduced
 - QtConcurrent::filterInternal
 - QtConcurrent::startFiltered
 - QtConcurrent::startFilteredReduced
 - QtConcurrent::startMap
 - QtConcurrent::startMapped
 - QtConcurrent::startMappedReduced
 - QtConcurrent::startThreadEngine
************************************************************************

