************************************************************************
Not in type system
************************************************************************

************************************************************************
Generation disabled by type system
 - Phonon::AbstractMediaStream::d_ptr
 - Phonon::EffectParameter::d
 - Phonon::EffectWidget::k_ptr
 - Phonon::MediaController::d
 - Phonon::MediaNode::k_ptr
 - Phonon::MediaSource::d
 - Phonon::ObjectDescription::d
 - Phonon::Path::d
 - Phonon::SeekSlider::k_ptr
 - Phonon::StreamInterface::d
 - Phonon::VideoPlayer::d
 - Phonon::VolumeSlider::k_ptr
 - QAbstractXmlNodeModel::d_ptr
 - QAbstractXmlReceiver::d_ptr
 - QDir::d_ptr
 - QDomNode::impl
 - QEvent::d
 - QFileInfo::d_ptr
 - QFuture::d
 - QGraphicsItem::d_ptr
 - QGraphicsLayoutItem::d_ptr
 - QGraphicsSceneEvent::d_ptr
 - QHostAddress::d
 - QHttpHeader::d_ptr
 - QImageIOHandler::d_ptr
 - QObject::d_ptr
 - QPaintEngine::d_ptr
 - QResource::d_ptr
 - QStandardItem::d_ptr
 - QTabletEvent::mExtra
 - QWheelEvent::d
 - QWidgetItem::wid
************************************************************************

************************************************************************
Type redefined to not be a class
************************************************************************

************************************************************************
Unmatched argument type
************************************************************************

************************************************************************
Unmatched return type
************************************************************************

